[2025-05-21 00:00:19] Yeni bir kullanıcı kayıt yaptı, email:ege.yasar37@gmai.com, userName:egexbora
[2025-05-21 00:00:36] Yeni bir kullanıcı kayıt yaptı, email:ege.yasar337@gmai.com, userName:
[2025-05-21 00:01:00] Yeni bir kullanıcı kayıt yaptı, email:, userName:egege
[2025-05-23 00:22:08] Yeni bir kullanıcı kayıt yaptı, email:ege.yasar37@gmail.com, userName:egex
[2025-05-23 12:25:38] egexbora logged in
[2025-05-23 12:25:57] egexbora logged in
[2025-05-23 13:54:29] egex logged in
[2025-05-23 13:56:38] Yeni bir kullanıcı kayıt yaptı, email:boraxbobo@gmail.com, userName:boraxbobo
[2025-05-23 13:59:57] DeleteUser: User with ID 7289f106-638e-4654-a4d6-08dd97e15431 deleted.
[2025-05-23 14:00:26] DeleteUser: User with ID 26acb297-d6bc-4a6c-a4d7-08dd97e15431 deleted.
[2025-05-23 14:00:48] DeleteUser: User with ID a26582d1-b669-4472-a4d8-08dd97e15431 deleted.
[2025-05-23 14:26:19] AdminUpdateUserProfile: Admin updated profile for user ID 4633d438-af7a-4887-d543-08dd99e87de8.
[2025-05-23 14:26:23] AdminUpdateUserProfile: Admin updated profile for user ID 4633d438-af7a-4887-d543-08dd99e87de8.
[2025-05-23 14:26:55] AdminUpdateUserProfile: Admin updated profile for user ID 4633d438-af7a-4887-d543-08dd99e87de8.
[2025-05-23 14:27:11] AdminUpdateUserProfile: Admin updated profile for user ID 4633d438-af7a-4887-d543-08dd99e87de8.
[2025-05-23 14:27:23] AdminUpdateUserProfile: Admin updated profile for user ID 4633d438-af7a-4887-d543-08dd99e87de8.
[2025-05-23 14:27:37] AdminUpdateUserProfile: Admin updated profile for user ID 4633d438-af7a-4887-d543-08dd99e87de8.
[2025-05-23 14:32:53] boraxbobo logged in
[2025-05-23 16:25:03] boraxbobo logged in
[2025-05-23 16:31:30] ChangeUsername: User with ID 4633d438-af7a-4887-d543-08dd99e87de8 changed username. boraxbobo -> deneme 
[2025-05-23 16:32:00] ChangePassword: User with ID 4633d438-af7a-4887-d543-08dd99e87de8 changed password.
[2025-05-23 16:32:33] egex logged in
[2025-05-23 16:33:07] deneme logged in
[2025-05-23 16:34:32] UpdateUserProfile: User with ID 4633d438-af7a-4887-d543-08dd99e87de8 updated their profile.
[2025-05-23 16:34:38] UpdateUserProfile: User with ID 4633d438-af7a-4887-d543-08dd99e87de8 updated their profile.
[2025-05-23 16:53:18] deneme logged in
